<?xml version="1.0" encoding="UTF-8"?>
<testng-results ignored="0" total="1" passed="1" failed="0" skipped="0">
  <reporter-output>
  </reporter-output>
  <suite started-at="2025-01-30T15:49:34 IST" name="Default suite" finished-at="2025-01-30T15:49:45 IST" duration-ms="11423">
    <groups>
    </groups>
    <test started-at="2025-01-30T15:49:34 IST" name="Default test" finished-at="2025-01-30T15:49:45 IST" duration-ms="11423">
      <class name="Practice.Saucedemo">
        <test-method is-config="true" signature="initilize()[pri:0, instance:Practice.Saucedemo@b3ca52e]" started-at="2025-01-30T15:49:34 IST" name="initilize" finished-at="2025-01-30T15:49:37 IST" duration-ms="2660" status="PASS">
          <reporter-output>
          </reporter-output>
        </test-method> <!-- initilize -->
        <test-method is-config="true" signature="launchurl()[pri:0, instance:Practice.Saucedemo@b3ca52e]" started-at="2025-01-30T15:49:37 IST" name="launchurl" finished-at="2025-01-30T15:49:39 IST" duration-ms="2034" status="PASS">
          <reporter-output>
          </reporter-output>
        </test-method> <!-- launchurl -->
        <test-method signature="username()[pri:0, instance:Practice.Saucedemo@b3ca52e]" started-at="2025-01-30T15:49:39 IST" name="username" finished-at="2025-01-30T15:49:45 IST" duration-ms="6325" status="PASS">
          <reporter-output>
          </reporter-output>
        </test-method> <!-- username -->
        <test-method is-config="true" signature="close()[pri:0, instance:Practice.Saucedemo@b3ca52e]" started-at="2025-01-30T15:49:45 IST" name="close" finished-at="2025-01-30T15:49:45 IST" duration-ms="364" status="PASS">
          <reporter-output>
          </reporter-output>
        </test-method> <!-- close -->
      </class> <!-- Practice.Saucedemo -->
    </test> <!-- Default test -->
  </suite> <!-- Default suite -->
</testng-results>
